2024-05-29 02:26:14 - INFO - New record created successfully with ID: recue6bHOujkUv
2024-05-29 02:31:11 - INFO - New record created successfully with ID: recue6cWZ5fM1O
2024-05-29 02:31:15 - INFO - New record created successfully with ID: recue6cY7asZCf
2024-05-29 03:21:08 - INFO - body response: {'code': 1254001, 'msg': 'WrongRequestBody', 'error': {'message': "Invalid request parameter: 'fields.Gi· tr\u1ecb h\u1ee3p \u0111\u1ed3ng'. Correct format : the value of 'Currency' 23700000 must be a number. Please check and modify accordingly.", 'log_id': '202405282021078EABA2CB1222C6120703'}}
2024-05-29 03:22:05 - INFO - body response: {'code': 1254001, 'msg': 'WrongRequestBody', 'error': {'message': "Invalid request parameter: 'fields.Gi· tr\u1ecb h\u1ee3p \u0111\u1ed3ng'. Correct format : the value of 'Currency' 23700000 must be a number. Please check and modify accordingly.", 'log_id': '202405282022055E7D99F09988C6B497A1'}}
2024-05-29 03:22:05 - INFO - data g\u1eedi \u0111i: {"fields": {"M\u00c3 H\u0110": "cbe739c1", "Gi\u00e1 tr\u1ecb h\u1ee3p \u0111\u1ed3ng": "23700000"}}
2024-05-29 03:26:57 - INFO - body response: {'code': 0, 'data': {'record': {'fields': {'Gi· tr\u1ecb h\u1ee3p \u0111\u1ed3ng': 23790000, 'TÍn kh·ch h‡ng': 'TÍn kh·ch h‡ng 3'}, 'id': 'recue6qZmlRG2B', 'record_id': 'recue6qZmlRG2B'}}, 'msg': 'success'}
2024-05-29 03:26:57 - INFO - data g\u1eedi \u0111i: {"fields": {"Gi· tr\u1ecb h\u1ee3p \u0111\u1ed3ng": 23790000.0, "TÍn kh·ch h‡ng": "TÍn kh·ch h‡ng 3"}}
2024-05-29 03:26:57 - INFO - New record created successfully with ID: recue6qZmlRG2B
2024-05-29 03:30:41 - INFO - body response: {'code': 0, 'data': {'record': {'fields': {'Gi· tr\u1ecb h\u1ee3p \u0111\u1ed3ng': 1530000, 'TÍn kh·ch h‡ng': ''}, 'id': 'recue6rVPllfGV', 'record_id': 'recue6rVPllfGV'}}, 'msg': 'success'}
2024-05-29 03:30:41 - INFO - data g\u1eedi \u0111i: {"fields": {"Gi· tr\u1ecb h\u1ee3p \u0111\u1ed3ng": 1530000.0, "TÍn kh·ch h‡ng": ""}}
2024-05-29 03:30:41 - INFO - New record created successfully with ID: recue6rVPllfGV
2024-05-29 03:30:42 - INFO - D\u1eef g\u1eedi \u0111i: {"records": [{"fields": {"SP/D\u1ecaCH V\u1ee4": "SZ001", "S\u1ed1 l\u01b0\u1ee3ng": 1, "\u0110\u01a1n gi\u00e1": 90000, "Th\u00e0nh ti\u1ec1n": 90000, "Ghi ch\u00fa": "", "H\u0110 LI\u00caN QUAN": [{"record_ids": ["recue6rVPllfGV"]}]}}, {"fields": {"SP/D\u1ecaCH V\u1ee4": "SZ001", "S\u1ed1 l\u01b0\u1ee3ng": 15, "\u0110\u01a1n gi\u00e1": 90000, "Th\u00e0nh ti\u1ec1n": 1350000, "Ghi ch\u00fa": "", "H\u0110 LI\u00caN QUAN": [{"record_ids": ["recue6rVPllfGV"]}]}}, {"fields": {"SP/D\u1ecaCH V\u1ee4": "SZ001", "S\u1ed1 l\u01b0\u1ee3ng": 1, "\u0110\u01a1n gi\u00e1": 90000, "Th\u00e0nh ti\u1ec1n": 90000, "Ghi ch\u00fa": "", "H\u0110 LI\u00caN QUAN": [{"record_ids": ["recue6rVPllfGV"]}]}}]}
2024-05-29 03:30:42 - INFO - D\u1eef li\u1ec7u tr\u1ea3 v\u1ec1: {'code': 1254062, 'msg': 'SingleSelectFieldConvFail', 'error': {'message': "Invalid request parameter: 'records[0].fields.SP/D\u1ecaCH V\u1ee4'. Correct format : the 'Dynamic Single Option' is not supported. Please check and modify accordingly.", 'log_id': '20240528203042931BD7A0701A7A111692'}}
2024-05-29 03:33:23 - INFO - body response: {'code': 0, 'data': {'record': {'fields': {'Gi· tr\u1ecb h\u1ee3p \u0111\u1ed3ng': 1620000, 'TÍn kh·ch h‡ng': ''}, 'id': 'recue6sBQMg4kn', 'record_id': 'recue6sBQMg4kn'}}, 'msg': 'success'}
2024-05-29 03:33:23 - INFO - data g\u1eedi \u0111i: {"fields": {"Gi· tr\u1ecb h\u1ee3p \u0111\u1ed3ng": 1620000.0, "TÍn kh·ch h‡ng": ""}}
2024-05-29 03:33:23 - INFO - New record created successfully with ID: recue6sBQMg4kn
2024-05-29 03:34:48 - INFO - body response: {'code': 0, 'data': {'record': {'fields': {'Gi· tr\u1ecb h\u1ee3p \u0111\u1ed3ng': 1620000, 'TÍn kh·ch h‡ng': ''}, 'id': 'recue6sY3mS3Qy', 'record_id': 'recue6sY3mS3Qy'}}, 'msg': 'success'}
2024-05-29 03:34:48 - INFO - data g\u1eedi \u0111i: {"fields": {"Gi· tr\u1ecb h\u1ee3p \u0111\u1ed3ng": 1620000.0, "TÍn kh·ch h‡ng": ""}}
2024-05-29 03:34:48 - INFO - New record created successfully with ID: recue6sY3mS3Qy
2024-05-29 03:35:01 - INFO - body response: {'code': 0, 'data': {'record': {'fields': {'Gi· tr\u1ecb h\u1ee3p \u0111\u1ed3ng': 1710000, 'TÍn kh·ch h‡ng': ''}, 'id': 'recue6t1nT5BC2', 'record_id': 'recue6t1nT5BC2'}}, 'msg': 'success'}
2024-05-29 03:35:01 - INFO - data g\u1eedi \u0111i: {"fields": {"Gi· tr\u1ecb h\u1ee3p \u0111\u1ed3ng": 1710000.0, "TÍn kh·ch h‡ng": ""}}
2024-05-29 03:35:01 - INFO - New record created successfully with ID: recue6t1nT5BC2
2024-05-29 03:37:42 - INFO - body response: {'code': 0, 'data': {'record': {'fields': {'Gi· tr\u1ecb h\u1ee3p \u0111\u1ed3ng': 1710000, 'TÍn kh·ch h‡ng': ''}, 'id': 'recue6tHmS8tjl', 'record_id': 'recue6tHmS8tjl'}}, 'msg': 'success'}
2024-05-29 03:37:42 - INFO - data g\u1eedi \u0111i: {"fields": {"Gi· tr\u1ecb h\u1ee3p \u0111\u1ed3ng": 1710000.0, "TÍn kh·ch h‡ng": ""}}
2024-05-29 03:37:42 - INFO - New record created successfully with ID: recue6tHmS8tjl
2024-05-29 03:38:16 - INFO - body response: {'code': 0, 'data': {'record': {'fields': {'Gi· tr\u1ecb h\u1ee3p \u0111\u1ed3ng': 1710000, 'TÍn kh·ch h‡ng': ''}, 'id': 'recue6tQ5WjKh3', 'record_id': 'recue6tQ5WjKh3'}}, 'msg': 'success'}
2024-05-29 03:38:16 - INFO - data g\u1eedi \u0111i: {"fields": {"Gi· tr\u1ecb h\u1ee3p \u0111\u1ed3ng": 1710000.0, "TÍn kh·ch h‡ng": ""}}
2024-05-29 03:38:16 - INFO - New record created successfully with ID: recue6tQ5WjKh3
2024-05-29 03:38:17 - INFO - D\u1eef li\u1ec7u g\u1eedi \u0111i: {"records": [{"fields": {"SP/D\u1ecaCH V\u1ee4": "SZ001", "S\u1ed1 l\u01b0\u1ee3ng": 1, "\u0110\u01a1n gi\u00e1": 90000, "Th\u00e0nh ti\u1ec1n": 90000, "Ghi ch\u00fa": "", "M\u00c3 H\u1ee2P \u0110\u1ed2NG": ["recue6tQ5WjKh3"]}}, {"fields": {"SP/D\u1ecaCH V\u1ee4": "SZ001", "S\u1ed1 l\u01b0\u1ee3ng": 15, "\u0110\u01a1n gi\u00e1": 90000, "Th\u00e0nh ti\u1ec1n": 1350000, "Ghi ch\u00fa": "", "M\u00c3 H\u1ee2P \u0110\u1ed2NG": ["recue6tQ5WjKh3"]}}, {"fields": {"SP/D\u1ecaCH V\u1ee4": "SZ001", "S\u1ed1 l\u01b0\u1ee3ng": 1, "\u0110\u01a1n gi\u00e1": 90000, "Th\u00e0nh ti\u1ec1n": 90000, "Ghi ch\u00fa": "", "M\u00c3 H\u1ee2P \u0110\u1ed2NG": ["recue6tQ5WjKh3"]}}, {"fields": {"SP/D\u1ecaCH V\u1ee4": "SZ001", "S\u1ed1 l\u01b0\u1ee3ng": 1, "\u0110\u01a1n gi\u00e1": 90000, "Th\u00e0nh ti\u1ec1n": 90000, "Ghi ch\u00fa": "", "M\u00c3 H\u1ee2P \u0110\u1ed2NG": ["recue6tQ5WjKh3"]}}, {"fields": {"SP/D\u1ecaCH V\u1ee4": "SZ001", "S\u1ed1 l\u01b0\u1ee3ng": 1, "\u0110\u01a1n gi\u00e1": 90000, "Th\u00e0nh ti\u1ec1n": 90000, "Ghi ch\u00fa": "", "M\u00c3 H\u1ee2P \u0110\u1ed2NG": ["recue6tQ5WjKh3"]}}]}
2024-05-29 03:38:17 - INFO - D\u1eef li\u1ec7u tr\u1ea3 v\u1ec1: {'code': 1254060, 'msg': 'TextFieldConvFail', 'error': {'message': "Invalid request parameter: 'records[0].fields.M√ H\u1ee2P \u0110\u1ed2NG'. Correct format : the value of 'Multiline' must be a string. Please check and modify accordingly.", 'log_id': '202405282038175B195C6058B9B710CD9C'}}
2024-05-29 03:40:42 - INFO - body response: {'code': 0, 'data': {'record': {'fields': {'Gi· tr\u1ecb h\u1ee3p \u0111\u1ed3ng': 1710000, 'TÍn kh·ch h‡ng': ''}, 'id': 'recue6us9fyCH0', 'record_id': 'recue6us9fyCH0'}}, 'msg': 'success'}
2024-05-29 03:40:42 - INFO - data g\u1eedi \u0111i: {"fields": {"Gi· tr\u1ecb h\u1ee3p \u0111\u1ed3ng": 1710000.0, "TÍn kh·ch h‡ng": ""}}
2024-05-29 03:40:42 - INFO - New record created successfully with ID: recue6us9fyCH0
2024-05-29 03:40:44 - INFO - D\u1eef li\u1ec7u g\u1eedi \u0111i: {"records": [{"fields": {"SP/D\u1ecaCH V\u1ee4": "SZ001", "S\u1ed1 l\u01b0\u1ee3ng": 1, "\u0110\u01a1n gi\u00e1": 90000, "Th\u00e0nh ti\u1ec1n": 90000, "Ghi ch\u00fa": "", "M\u00c3 H\u1ee2P \u0110\u1ed2NG": "recue6us9fyCH0"}}, {"fields": {"SP/D\u1ecaCH V\u1ee4": "SZ001", "S\u1ed1 l\u01b0\u1ee3ng": 15, "\u0110\u01a1n gi\u00e1": 90000, "Th\u00e0nh ti\u1ec1n": 1350000, "Ghi ch\u00fa": "", "M\u00c3 H\u1ee2P \u0110\u1ed2NG": "recue6us9fyCH0"}}, {"fields": {"SP/D\u1ecaCH V\u1ee4": "SZ001", "S\u1ed1 l\u01b0\u1ee3ng": 1, "\u0110\u01a1n gi\u00e1": 90000, "Th\u00e0nh ti\u1ec1n": 90000, "Ghi ch\u00fa": "", "M\u00c3 H\u1ee2P \u0110\u1ed2NG": "recue6us9fyCH0"}}, {"fields": {"SP/D\u1ecaCH V\u1ee4": "SZ001", "S\u1ed1 l\u01b0\u1ee3ng": 1, "\u0110\u01a1n gi\u00e1": 90000, "Th\u00e0nh ti\u1ec1n": 90000, "Ghi ch\u00fa": "", "M\u00c3 H\u1ee2P \u0110\u1ed2NG": "recue6us9fyCH0"}}, {"fields": {"SP/D\u1ecaCH V\u1ee4": "SZ001", "S\u1ed1 l\u01b0\u1ee3ng": 1, "\u0110\u01a1n gi\u00e1": 90000, "Th\u00e0nh ti\u1ec1n": 90000, "Ghi ch\u00fa": "", "M\u00c3 H\u1ee2P \u0110\u1ed2NG": "recue6us9fyCH0"}}]}
2024-05-29 03:40:44 - INFO - D\u1eef li\u1ec7u tr\u1ea3 v\u1ec1: {'code': 0, 'data': {'records': [{'fields': {'Ghi ch˙': '', 'M√ H\u1ee2P \u0110\u1ed2NG': 'recue6us9fyCH0', 'SP/D\u1ecaCH V\u1ee4': 'SZ001', 'S\u1ed1 l\u01b0\u1ee3ng': 1, 'Th‡nh ti\u1ec1n': 90000, '\u0110\u01a1n gi·': 90000}, 'id': 'recue6usx07GcP', 'record_id': 'recue6usx07GcP'}, {'fields': {'Ghi ch˙': '', 'M√ H\u1ee2P \u0110\u1ed2NG': 'recue6us9fyCH0', 'SP/D\u1ecaCH V\u1ee4': 'SZ001', 'S\u1ed1 l\u01b0\u1ee3ng': 15, 'Th‡nh ti\u1ec1n': 1350000, '\u0110\u01a1n gi·': 90000}, 'id': 'recue6usx00dKx', 'record_id': 'recue6usx00dKx'}, {'fields': {'Ghi ch˙': '', 'M√ H\u1ee2P \u0110\u1ed2NG': 'recue6us9fyCH0', 'SP/D\u1ecaCH V\u1ee4': 'SZ001', 'S\u1ed1 l\u01b0\u1ee3ng': 1, 'Th‡nh ti\u1ec1n': 90000, '\u0110\u01a1n gi·': 90000}, 'id': 'recue6usx0r4xu', 'record_id': 'recue6usx0r4xu'}, {'fields': {'Ghi ch˙': '', 'M√ H\u1ee2P \u0110\u1ed2NG': 'recue6us9fyCH0', 'SP/D\u1ecaCH V\u1ee4': 'SZ001', 'S\u1ed1 l\u01b0\u1ee3ng': 1, 'Th‡nh ti\u1ec1n': 90000, '\u0110\u01a1n gi·': 90000}, 'id': 'recue6usx0kKW8', 'record_id': 'recue6usx0kKW8'}, {'fields': {'Ghi ch˙': '', 'M√ H\u1ee2P \u0110\u1ed2NG': 'recue6us9fyCH0', 'SP/D\u1ecaCH V\u1ee4': 'SZ001', 'S\u1ed1 l\u01b0\u1ee3ng': 1, 'Th‡nh ti\u1ec1n': 90000, '\u0110\u01a1n gi·': 90000}, 'id': 'recue6usx0ySE6', 'record_id': 'recue6usx0ySE6'}]}, 'msg': 'success'}
2024-05-29 03:41:32 - INFO - body response: {'code': 0, 'data': {'record': {'fields': {'Email': '', 'KÍnh qu\u1ea3ng c·o': 'Ngu\u1ed3n 1', 'Name': 'nam', 'Phone': '096334', 'SP d\u1ecbch v\u1ee5 quan t‚m': ''}, 'id': 'recue6uF4V3WoQ', 'record_id': 'recue6uF4V3WoQ'}}, 'msg': 'success'}
2024-05-29 03:41:32 - INFO - data g\u1eedi \u0111i: {"fields": {"Name": "nam", "Phone": "096334", "Email": "", "KÍnh qu\u1ea3ng c·o": "Ngu\u1ed3n 1", "SP d\u1ecbch v\u1ee5 quan t‚m": ""}}
2024-05-29 03:41:32 - INFO - New record created successfully with ID: recue6uF4V3WoQ
2024-05-29 03:41:45 - INFO - body response: {'code': 0, 'data': {'record': {'fields': {'Gi· tr\u1ecb h\u1ee3p \u0111\u1ed3ng': 92700, 'TÍn kh·ch h‡ng': 'nam'}, 'id': 'recue6uIu3O334', 'record_id': 'recue6uIu3O334'}}, 'msg': 'success'}
2024-05-29 03:41:45 - INFO - data g\u1eedi \u0111i: {"fields": {"Gi· tr\u1ecb h\u1ee3p \u0111\u1ed3ng": 92700.0, "TÍn kh·ch h‡ng": "nam"}}
2024-05-29 03:41:45 - INFO - New record created successfully with ID: recue6uIu3O334
2024-05-29 03:41:46 - INFO - D\u1eef li\u1ec7u g\u1eedi \u0111i: {"records": [{"fields": {"SP/D\u1ecaCH V\u1ee4": "SZ001", "S\u1ed1 l\u01b0\u1ee3ng": 1, "\u0110\u01a1n gi\u00e1": 90000, "Th\u00e0nh ti\u1ec1n": 90000, "Ghi ch\u00fa": "", "M\u00c3 H\u1ee2P \u0110\u1ed2NG": "recue6uIu3O334"}}, {"fields": {"SP/D\u1ecaCH V\u1ee4": "SH004", "S\u1ed1 l\u01b0\u1ee3ng": 1, "\u0110\u01a1n gi\u00e1": 1200, "Th\u00e0nh ti\u1ec1n": 1200, "Ghi ch\u00fa": "", "M\u00c3 H\u1ee2P \u0110\u1ed2NG": "recue6uIu3O334"}}, {"fields": {"SP/D\u1ecaCH V\u1ee4": "DG005", "S\u1ed1 l\u01b0\u1ee3ng": 1, "\u0110\u01a1n gi\u00e1": 1500, "Th\u00e0nh ti\u1ec1n": 1500, "Ghi ch\u00fa": "", "M\u00c3 H\u1ee2P \u0110\u1ed2NG": "recue6uIu3O334"}}]}
2024-05-29 03:41:46 - INFO - D\u1eef li\u1ec7u tr\u1ea3 v\u1ec1: {'code': 0, 'data': {'records': [{'fields': {'Ghi ch˙': '', 'M√ H\u1ee2P \u0110\u1ed2NG': 'recue6uIu3O334', 'SP/D\u1ecaCH V\u1ee4': 'SZ001', 'S\u1ed1 l\u01b0\u1ee3ng': 1, 'Th‡nh ti\u1ec1n': 90000, '\u0110\u01a1n gi·': 90000}, 'id': 'recue6uIQMcHtK', 'record_id': 'recue6uIQMcHtK'}, {'fields': {'Ghi ch˙': '', 'M√ H\u1ee2P \u0110\u1ed2NG': 'recue6uIu3O334', 'SP/D\u1ecaCH V\u1ee4': 'SH004', 'S\u1ed1 l\u01b0\u1ee3ng': 1, 'Th‡nh ti\u1ec1n': 1200, '\u0110\u01a1n gi·': 1200}, 'id': 'recue6uIQML9Ut', 'record_id': 'recue6uIQML9Ut'}, {'fields': {'Ghi ch˙': '', 'M√ H\u1ee2P \u0110\u1ed2NG': 'recue6uIu3O334', 'SP/D\u1ecaCH V\u1ee4': 'DG005', 'S\u1ed1 l\u01b0\u1ee3ng': 1, 'Th‡nh ti\u1ec1n': 1500, '\u0110\u01a1n gi·': 1500}, 'id': 'recue6uIQMKLku', 'record_id': 'recue6uIQMKLku'}]}, 'msg': 'success'}
2024-05-29 03:43:56 - INFO - body response: {'code': 0, 'data': {'record': {'fields': {'Email': '', 'KÍnh qu\u1ea3ng c·o': 'Ngu\u1ed3n 1', 'Name': 'nam', 'Phone': '096334', 'SP d\u1ecbch v\u1ee5 quan t‚m': ''}, 'id': 'recue6vgBFEjS6', 'record_id': 'recue6vgBFEjS6'}}, 'msg': 'success'}
2024-05-29 03:43:56 - INFO - data g\u1eedi \u0111i: {"fields": {"Name": "nam", "Phone": "096334", "Email": "", "KÍnh qu\u1ea3ng c·o": "Ngu\u1ed3n 1", "SP d\u1ecbch v\u1ee5 quan t‚m": ""}}
2024-05-29 03:43:56 - INFO - New record created successfully with ID: recue6vgBFEjS6
2024-06-08 02:29:19 - INFO - body response: {'code': 1254045, 'msg': 'FieldNameNotFound', 'error': {'log_id': '20240607192919B2DA62D4C115AE3D7315'}}
2024-06-08 02:29:19 - INFO - data g·ª≠i ƒëi: {"fields": {"Name": "test", "Phone": "09123123", "Ngu·ªìn kh√°ch h√†ng": "Ngo√†i"}}
2024-06-08 02:44:27 - INFO - body response: {'code': 0, 'data': {'record': {'fields': {'Ghi ch√∫': 'test', 'Ngu·ªìn kh√°ch h√†ng': 'FB M·ªõi', 'S·ªë ƒëi·ªán tho·∫°i': '09123123', 'T√™n kh√°ch h√†ng': 't√∫'}, 'id': 'recuf2JxTDuL1P', 'record_id': 'recuf2JxTDuL1P'}}, 'msg': 'success'}
2024-06-08 02:44:27 - INFO - data g·ª≠i ƒëi: {"fields": {"T√™n kh√°ch h√†ng": "t√∫", "S·ªë ƒëi·ªán tho·∫°i": "09123123", "Ngu·ªìn kh√°ch h√†ng": "FB M·ªõi", "Ghi ch√∫": "test"}}
2024-06-08 02:44:27 - INFO - New record created successfully with ID: recuf2JxTDuL1P
2024-06-09 22:40:29 - INFO - D·ªØ li·ªáu tr·∫£ v·ªÅ: {'code': 1254018, 'msg': 'InvalidFilter', 'error': {'message': "Invalid request parameter: ''. Correct format : conjunction  is invalid. Please check and modify accordingly.", 'log_id': '202406091540262DD863F464B142DBFF31'}}
2024-06-12 17:41:48 - ERROR - Error: <Response [500]>
